<?xml version="1.0" encoding="UTF-8"?>
<!-- Generated by org.testng.reporters.JUnitReportReporter -->
<testsuite hostname="DESKTOP-25OVQC7" failures="0" tests="2" name="testng.ParallelTest" time="19.966" errors="0" timestamp="2022-12-04T21:48:52 GMT-05:00" skipped="0">
  <testcase classname="testng.ParallelTest" name="Test2" time="9.453"/>
  <system-out/>
  <testcase classname="testng.ParallelTest" name="Test1" time="10.513"/>
  <system-out/>
</testsuite> <!-- testng.ParallelTest -->
